12.09.2022 14:44:55;choiceError;Menu error;
12.09.2022 14:44:56;choiceError;Menu error;
12.09.2022 14:44:57;choiceError;Menu error;
12.09.2022 14:44:59;getOperation;operation: +;
12.09.2022 14:45:01;getNumber;a: 1.0+1.0i;
12.09.2022 14:45:03;getNumber;b: 2.0+2.0i;
12.09.2022 14:45:03;resultOperation;3.0+3.0i;
12.09.2022 14:45:05;exit;exit;
13.09.2022 06:14:05;getOperation;operation: +;
13.09.2022 06:14:08;getNumber;a: 1.0+1.0i;
13.09.2022 06:14:10;getNumber;b: 2.0+2.0i;
13.09.2022 06:14:10;resultOperation;3.0+3.0i;
13.09.2022 06:14:14;getOperation;operation: *;
13.09.2022 06:14:20;getNumber;a: 12.0+11.0i;
13.09.2022 06:14:24;getNumber;b: -3.0-4.0i;
13.09.2022 06:14:24;resultOperation;8.0-81.0i;
13.09.2022 06:14:28;getOperation;operation: /;
13.09.2022 06:14:32;getNumber;a: 1.0+1.0i;
13.09.2022 06:14:35;getNumber;b: 0.0+0.0i;
13.09.2022 06:14:35;resultOperation;NaNNaNi;
13.09.2022 06:14:45;getOperation;operation: /;
13.09.2022 06:14:49;getNumber;a: 2.0+2.0i;
13.09.2022 06:14:51;getNumber;b: 1.0+1.0i;
13.09.2022 06:14:51;resultOperation;2.0+0.0i;
13.09.2022 06:15:00;getOperation;operation: -;
13.09.2022 06:15:04;getNumber;a: 5.0+4.0i;
13.09.2022 06:15:06;getNumber;b: 2.0+2.0i;
13.09.2022 06:15:06;resultOperation;3.0+2.0i;
13.09.2022 06:15:12;choiceError;Menu error;
13.09.2022 06:15:15;exit;exit;
